warning: Git tree '/home/denast/.nixos-config' is dirty
this derivation will be built:
  /nix/store/xwf5x83snc68a5r8nbfvchfaqxka0q4f-nixos-rebuild.drv
these 10 paths will be fetched (4.09 MiB download, 23.09 MiB unpacked):
  /nix/store/fv56zpi80jpakbfmv16r60xvyqwzff6r-file-5.45
  /nix/store/q6x5ag0rns4swggcyvcgd1x5i488ws6c-gnu-config-2024-01-01
  /nix/store/axrdky652lsmif6m5i8b55q91v4ly4gy-gnumake-4.4.1
  /nix/store/l28aygldm41fq8k8xgad29x7sac072h9-install-shell-files
  /nix/store/dxrgd6wzhk3w7r8j0wsbsyky6mpm5fnb-libcpuid-0.7.0
  /nix/store/fxp8d1dbaxv2fhc4pm5wm4a669x2zb3q-nix-2.18.5
  /nix/store/5n4lxkk11vybd28sh1w5mvyl221q3108-nix-2.18.5-man
  /nix/store/k97fic16vmpf9z6vjx5dgd6rxcvv5wwh-patchelf-0.15.0
  /nix/store/9ip31vbkgg0lp4rx042svlllv3945nxq-stdenv-linux
  /nix/store/9l3havpzc3w1xggd19l5c395az4yh449-update-autotools-gnu-config-scripts-hook
copying path '/nix/store/l28aygldm41fq8k8xgad29x7sac072h9-install-shell-files' from 'https://cache.nixos.org'...
copying path '/nix/store/5n4lxkk11vybd28sh1w5mvyl221q3108-nix-2.18.5-man' from 'https://cache.nixos.org'...
copying path '/nix/store/q6x5ag0rns4swggcyvcgd1x5i488ws6c-gnu-config-2024-01-01' from 'https://cache.nixos.org'...
copying path '/nix/store/fv56zpi80jpakbfmv16r60xvyqwzff6r-file-5.45' from 'https://cache.nixos.org'...
copying path '/nix/store/axrdky652lsmif6m5i8b55q91v4ly4gy-gnumake-4.4.1' from 'https://cache.nixos.org'...
copying path '/nix/store/dxrgd6wzhk3w7r8j0wsbsyky6mpm5fnb-libcpuid-0.7.0' from 'https://cache.nixos.org'...
copying path '/nix/store/k97fic16vmpf9z6vjx5dgd6rxcvv5wwh-patchelf-0.15.0' from 'https://cache.nixos.org'...
copying path '/nix/store/9l3havpzc3w1xggd19l5c395az4yh449-update-autotools-gnu-config-scripts-hook' from 'https://cache.nixos.org'...
copying path '/nix/store/fxp8d1dbaxv2fhc4pm5wm4a669x2zb3q-nix-2.18.5' from 'https://cache.nixos.org'...
copying path '/nix/store/9ip31vbkgg0lp4rx042svlllv3945nxq-stdenv-linux' from 'https://cache.nixos.org'...
building '/nix/store/xwf5x83snc68a5r8nbfvchfaqxka0q4f-nixos-rebuild.drv'...
building the system configuration...
warning: Git tree '/home/denast/.nixos-config' is dirty
error:
       … while calling anonymous lambda

         at /nix/store/l3amk5lsakpc93him5kry24kax23sn4h-source/lib/attrsets.nix:1571:24:

         1570|     let f = attrPath:
         1571|       zipAttrsWith (n: values:
             |                        ^
         1572|         let here = attrPath ++ [n]; in

       … while calling anonymous lambda

         at /nix/store/l3amk5lsakpc93him5kry24kax23sn4h-source/lib/attrsets.nix:1205:18:

         1204|         mapAttrs
         1205|           (name: value:
             |                  ^
         1206|             if isAttrs value && cond value

       … from call site

         at /nix/store/l3amk5lsakpc93him5kry24kax23sn4h-source/lib/attrsets.nix:1208:18:

         1207|             then recurse (path ++ [ name ]) value
         1208|             else f (path ++ [ name ]) value);
             |                  ^
         1209|     in

       … while calling anonymous lambda

         at /nix/store/l3amk5lsakpc93him5kry24kax23sn4h-source/lib/modules.nix:254:72:

          253|           # For definitions that have an associated option
          254|           declaredConfig = mapAttrsRecursiveCond (v: ! isOption v) (_: v: v.value) options;
             |                                                                        ^
          255|

       … while evaluating the option `system.build.toplevel':

       … while calling anonymous lambda

         at /nix/store/l3amk5lsakpc93him5kry24kax23sn4h-source/lib/modules.nix:836:28:

          835|         # Process mkMerge and mkIf properties.
          836|         defs' = concatMap (m:
             |                            ^
          837|           map (value: { inherit (m) file; inherit value; }) (addErrorContext "while evaluating definitions from `${m.file}':" (dischargeProperties m.value))

       … while evaluating definitions from `/nix/store/l3amk5lsakpc93him5kry24kax23sn4h-source/nixos/modules/system/activation/top-level.nix':

       … from call site

         at /nix/store/l3amk5lsakpc93him5kry24kax23sn4h-source/lib/modules.nix:837:128:

          836|         defs' = concatMap (m:
          837|           map (value: { inherit (m) file; inherit value; }) (addErrorContext "while evaluating definitions from `${m.file}':" (dischargeProperties m.value))
             |                                                                                                                                ^
          838|         ) defs;

       … while calling 'dischargeProperties'

         at /nix/store/l3amk5lsakpc93him5kry24kax23sn4h-source/lib/modules.nix:908:25:

          907|   */
          908|   dischargeProperties = def:
             |                         ^
          909|     if def._type or "" == "merge" then

       … from call site

         at /nix/store/l3amk5lsakpc93him5kry24kax23sn4h-source/nixos/modules/system/activation/top-level.nix:71:12:

           70|   # Replace runtime dependencies
           71|   system = foldr ({ oldDependency, newDependency }: drv:
             |            ^
           72|       pkgs.replaceDependency { inherit oldDependency newDependency drv; }

       … while calling 'foldr'

         at /nix/store/l3amk5lsakpc93him5kry24kax23sn4h-source/lib/lists.nix:121:20:

          120|   */
          121|   foldr = op: nul: list:
             |                    ^
          122|     let

       … from call site

         at /nix/store/l3amk5lsakpc93him5kry24kax23sn4h-source/lib/lists.nix:128:8:

          127|         else op (elemAt list n) (fold' (n + 1));
          128|     in fold' 0;
             |        ^
          129|

       … while calling 'fold''

         at /nix/store/l3amk5lsakpc93him5kry24kax23sn4h-source/lib/lists.nix:124:15:

          123|       len = length list;
          124|       fold' = n:
             |               ^
          125|         if n == len

       … from call site

         at /nix/store/l3amk5lsakpc93him5kry24kax23sn4h-source/nixos/modules/system/activation/top-level.nix:68:10:

           67|     then throw "\nFailed assertions:\n${concatStringsSep "\n" (map (x: "- ${x}") failedAssertions)}"
           68|     else showWarnings config.warnings baseSystem;
             |          ^
           69|

       … while calling 'showWarnings'

         at /nix/store/l3amk5lsakpc93him5kry24kax23sn4h-source/lib/trivial.nix:929:28:

          928|
          929|   showWarnings = warnings: res: lib.foldr (w: x: warn w x) res warnings;
             |                            ^
          930|

       … from call site

         at /nix/store/l3amk5lsakpc93him5kry24kax23sn4h-source/lib/trivial.nix:929:33:

          928|
          929|   showWarnings = warnings: res: lib.foldr (w: x: warn w x) res warnings;
             |                                 ^
          930|

       … while calling 'foldr'

         at /nix/store/l3amk5lsakpc93him5kry24kax23sn4h-source/lib/lists.nix:121:20:

          120|   */
          121|   foldr = op: nul: list:
             |                    ^
          122|     let

       … from call site

         at /nix/store/l3amk5lsakpc93him5kry24kax23sn4h-source/lib/lists.nix:128:8:

          127|         else op (elemAt list n) (fold' (n + 1));
          128|     in fold' 0;
             |        ^
          129|

       … while calling 'fold''

         at /nix/store/l3amk5lsakpc93him5kry24kax23sn4h-source/lib/lists.nix:124:15:

          123|       len = length list;
          124|       fold' = n:
             |               ^
          125|         if n == len

       … from call site

         at /nix/store/l3amk5lsakpc93him5kry24kax23sn4h-source/nixos/modules/system/activation/top-level.nix:48:16:

           47|   # makes it bootable. See `activatable-system.nix`.
           48|   baseSystem = pkgs.stdenvNoCC.mkDerivation ({
             |                ^
           49|     name = "nixos-system-${config.system.name}-${config.system.nixos.label}";

       … while calling 'mkDerivation'

         at /nix/store/l3amk5lsakpc93him5kry24kax23sn4h-source/pkgs/stdenv/generic/make-derivation.nix:46:5:

           45|   mkDerivation =
           46|     fnOrAttrs:
             |     ^
           47|       if builtins.isFunction fnOrAttrs

       … while calling anonymous lambda

         at /nix/store/l3amk5lsakpc93him5kry24kax23sn4h-source/lib/attrsets.nix:1205:18:

         1204|         mapAttrs
         1205|           (name: value:
             |                  ^
         1206|             if isAttrs value && cond value

       … from call site

         at /nix/store/l3amk5lsakpc93him5kry24kax23sn4h-source/lib/attrsets.nix:1208:18:

         1207|             then recurse (path ++ [ name ]) value
         1208|             else f (path ++ [ name ]) value);
             |                  ^
         1209|     in

       … while calling anonymous lambda

         at /nix/store/l3amk5lsakpc93him5kry24kax23sn4h-source/lib/modules.nix:254:72:

          253|           # For definitions that have an associated option
          254|           declaredConfig = mapAttrsRecursiveCond (v: ! isOption v) (_: v: v.value) options;
             |                                                                        ^
          255|

       … while evaluating the option `system.systemBuilderArgs':

       … from call site

         at /nix/store/l3amk5lsakpc93him5kry24kax23sn4h-source/lib/modules.nix:858:59:

          857|       if isDefined then
          858|         if all (def: type.check def.value) defsFinal then type.merge loc defsFinal
             |                                                           ^
          859|         else let allInvalid = filter (def: ! type.check def.value) defsFinal;

       … while calling 'merge'

         at /nix/store/l3amk5lsakpc93him5kry24kax23sn4h-source/lib/types.nix:582:20:

          581|       check = isAttrs;
          582|       merge = loc: defs:
             |                    ^
          583|         mapAttrs (n: v: v.value) (filterAttrs (n: v: v ? value) (zipAttrsWith (name: defs:

       … from call site

         at /nix/store/l3amk5lsakpc93him5kry24kax23sn4h-source/lib/types.nix:583:35:

          582|       merge = loc: defs:
          583|         mapAttrs (n: v: v.value) (filterAttrs (n: v: v ? value) (zipAttrsWith (name: defs:
             |                                   ^
          584|             (mergeDefinitions (loc ++ [name]) elemType defs).optionalValue

       … while calling 'filterAttrs'

         at /nix/store/l3amk5lsakpc93him5kry24kax23sn4h-source/lib/attrsets.nix:646:5:

          645|     pred:
          646|     set:
             |     ^
          647|     listToAttrs (concatMap (name: let v = set.${name}; in if pred name v then [(nameValuePair name v)] else []) (attrNames set));

       … while calling anonymous lambda

         at /nix/store/l3amk5lsakpc93him5kry24kax23sn4h-source/lib/attrsets.nix:647:29:

          646|     set:
          647|     listToAttrs (concatMap (name: let v = set.${name}; in if pred name v then [(nameValuePair name v)] else []) (attrNames set));
             |                             ^
          648|

       … from call site

         at /nix/store/l3amk5lsakpc93him5kry24kax23sn4h-source/lib/attrsets.nix:647:62:

          646|     set:
          647|     listToAttrs (concatMap (name: let v = set.${name}; in if pred name v then [(nameValuePair name v)] else []) (attrNames set));
             |                                                              ^
          648|

       … while calling anonymous lambda

         at /nix/store/l3amk5lsakpc93him5kry24kax23sn4h-source/lib/types.nix:583:51:

          582|       merge = loc: defs:
          583|         mapAttrs (n: v: v.value) (filterAttrs (n: v: v ? value) (zipAttrsWith (name: defs:
             |                                                   ^
          584|             (mergeDefinitions (loc ++ [name]) elemType defs).optionalValue

       … while calling anonymous lambda

         at /nix/store/l3amk5lsakpc93him5kry24kax23sn4h-source/lib/types.nix:583:86:

          582|       merge = loc: defs:
          583|         mapAttrs (n: v: v.value) (filterAttrs (n: v: v ? value) (zipAttrsWith (name: defs:
             |                                                                                      ^
          584|             (mergeDefinitions (loc ++ [name]) elemType defs).optionalValue

       … while calling anonymous lambda

         at /nix/store/l3amk5lsakpc93him5kry24kax23sn4h-source/lib/modules.nix:836:28:

          835|         # Process mkMerge and mkIf properties.
          836|         defs' = concatMap (m:
             |                            ^
          837|           map (value: { inherit (m) file; inherit value; }) (addErrorContext "while evaluating definitions from `${m.file}':" (dischargeProperties m.value))

       … while evaluating definitions from `/nix/store/l3amk5lsakpc93him5kry24kax23sn4h-source/nixos/modules/system/activation/activatable-system.nix':

       … from call site

         at /nix/store/l3amk5lsakpc93him5kry24kax23sn4h-source/lib/modules.nix:837:128:

          836|         defs' = concatMap (m:
          837|           map (value: { inherit (m) file; inherit value; }) (addErrorContext "while evaluating definitions from `${m.file}':" (dischargeProperties m.value))
             |                                                                                                                                ^
          838|         ) defs;

       … while calling 'dischargeProperties'

         at /nix/store/l3amk5lsakpc93him5kry24kax23sn4h-source/lib/modules.nix:908:25:

          907|   */
          908|   dischargeProperties = def:
             |                         ^
          909|     if def._type or "" == "merge" then

       … from call site

         at /nix/store/l3amk5lsakpc93him5kry24kax23sn4h-source/nixos/modules/system/activation/activation-script.nix:135:18:

          134|       apply = set: set // {
          135|         script = systemActivationScript set false;
             |                  ^
          136|       };

       … while calling 'systemActivationScript'

         at /nix/store/l3amk5lsakpc93him5kry24kax23sn4h-source/nixos/modules/system/activation/activation-script.nix:20:33:

           19|
           20|   systemActivationScript = set: onlyDry: let
             |                                 ^
           21|     set' = mapAttrs (_: v: if isString v then (noDepEntry v) // { supportsDryActivation = false; } else v) set;

       … from call site

         at /nix/store/l3amk5lsakpc93him5kry24kax23sn4h-source/nixos/modules/system/activation/activation-script.nix:51:9:

           50|
           51|       ${textClosureMap id (withDrySnippets) (attrNames withDrySnippets)}
             |         ^
           52|

       … while calling 'textClosureMap'

         at /nix/store/l3amk5lsakpc93him5kry24kax23sn4h-source/lib/strings-with-deps.nix:75:35:

           74|
           75|   textClosureMap = f: predefined: names:
             |                                   ^
           76|     concatStringsSep "\n" (map f (textClosureList predefined names));

       … while calling 'id'

         at /nix/store/l3amk5lsakpc93him5kry24kax23sn4h-source/lib/trivial.nix:39:8:

           38|   */
           39|   id = x: x;
             |        ^
           40|

       … while calling anonymous lambda

         at /nix/store/l3amk5lsakpc93him5kry24kax23sn4h-source/lib/attrsets.nix:1205:18:

         1204|         mapAttrs
         1205|           (name: value:
             |                  ^
         1206|             if isAttrs value && cond value

       … from call site

         at /nix/store/l3amk5lsakpc93him5kry24kax23sn4h-source/lib/attrsets.nix:1208:18:

         1207|             then recurse (path ++ [ name ]) value
         1208|             else f (path ++ [ name ]) value);
             |                  ^
         1209|     in

       … while calling anonymous lambda

         at /nix/store/l3amk5lsakpc93him5kry24kax23sn4h-source/lib/modules.nix:254:72:

          253|           # For definitions that have an associated option
          254|           declaredConfig = mapAttrsRecursiveCond (v: ! isOption v) (_: v: v.value) options;
             |                                                                        ^
          255|

       … while evaluating the option `system.activationScripts.etc.text':

       … while calling anonymous lambda

         at /nix/store/l3amk5lsakpc93him5kry24kax23sn4h-source/lib/modules.nix:836:28:

          835|         # Process mkMerge and mkIf properties.
          836|         defs' = concatMap (m:
             |                            ^
          837|           map (value: { inherit (m) file; inherit value; }) (addErrorContext "while evaluating definitions from `${m.file}':" (dischargeProperties m.value))

       … while evaluating definitions from `/nix/store/l3amk5lsakpc93him5kry24kax23sn4h-source/nixos/modules/system/etc/etc-activation.nix':

       … from call site

         at /nix/store/l3amk5lsakpc93him5kry24kax23sn4h-source/lib/modules.nix:837:128:

          836|         defs' = concatMap (m:
          837|           map (value: { inherit (m) file; inherit value; }) (addErrorContext "while evaluating definitions from `${m.file}':" (dischargeProperties m.value))
             |                                                                                                                                ^
          838|         ) defs;

       … while calling 'dischargeProperties'

         at /nix/store/l3amk5lsakpc93him5kry24kax23sn4h-source/lib/modules.nix:908:25:

          907|   */
          908|   dischargeProperties = def:
             |                         ^
          909|     if def._type or "" == "merge" then

       … while calling anonymous lambda

         at /nix/store/l3amk5lsakpc93him5kry24kax23sn4h-source/lib/attrsets.nix:1571:24:

         1570|     let f = attrPath:
         1571|       zipAttrsWith (n: values:
             |                        ^
         1572|         let here = attrPath ++ [n]; in

       … while calling anonymous lambda

         at /nix/store/l3amk5lsakpc93him5kry24kax23sn4h-source/lib/types.nix:607:29:

          606|       merge = loc: defs:
          607|         zipAttrsWith (name: defs:
             |                             ^
          608|           let merged = mergeDefinitions (loc ++ [name]) elemType defs;

       … while calling anonymous lambda

         at /nix/store/l3amk5lsakpc93him5kry24kax23sn4h-source/lib/modules.nix:836:28:

          835|         # Process mkMerge and mkIf properties.
          836|         defs' = concatMap (m:
             |                            ^
          837|           map (value: { inherit (m) file; inherit value; }) (addErrorContext "while evaluating definitions from `${m.file}':" (dischargeProperties m.value))

       … while evaluating definitions from `/nix/store/l3amk5lsakpc93him5kry24kax23sn4h-source/nixos/modules/system/etc/etc.nix':

       … from call site

         at /nix/store/l3amk5lsakpc93him5kry24kax23sn4h-source/lib/modules.nix:837:128:

          836|         defs' = concatMap (m:
          837|           map (value: { inherit (m) file; inherit value; }) (addErrorContext "while evaluating definitions from `${m.file}':" (dischargeProperties m.value))
             |                                                                                                                                ^
          838|         ) defs;

       … while calling 'dischargeProperties'

         at /nix/store/l3amk5lsakpc93him5kry24kax23sn4h-source/lib/modules.nix:908:25:

          907|   */
          908|   dischargeProperties = def:
             |                         ^
          909|     if def._type or "" == "merge" then

       … from call site

         at /nix/store/l3amk5lsakpc93him5kry24kax23sn4h-source/lib/attrsets.nix:273:39:

          272|         then value
          273|         else { ${elemAt attrPath n} = atDepth (n + 1); };
             |                                       ^
          274|     in atDepth 0;

       … while calling 'atDepth'

         at /nix/store/l3amk5lsakpc93him5kry24kax23sn4h-source/lib/attrsets.nix:270:17:

          269|       len = length attrPath;
          270|       atDepth = n:
             |                 ^
          271|         if n == len

       … while evaluating derivation 'etc'
         whose name attribute is located at /nix/store/l3amk5lsakpc93him5kry24kax23sn4h-source/pkgs/stdenv/generic/make-derivation.nix:336:7

       … while evaluating attribute 'buildCommand' of derivation 'etc'

         at /nix/store/l3amk5lsakpc93him5kry24kax23sn4h-source/pkgs/build-support/trivial-builders/default.nix:59:16:

           58|         enableParallelBuilding = true;
           59|         inherit buildCommand name;
             |                ^
           60|         passAsFile = [ "buildCommand" ]

       … from call site

         at /nix/store/l3amk5lsakpc93him5kry24kax23sn4h-source/nixos/modules/system/etc/etc.nix:50:7:

           49|     mkdir -p "$out/etc"
           50|     ${lib.concatMapStringsSep "\n" (etcEntry: lib.escapeShellArgs [
             |       ^
           51|       "makeEtcEntry"

       … while calling 'concatMapStringsSep'

         at /nix/store/l3amk5lsakpc93him5kry24kax23sn4h-source/lib/strings.nix:232:5:

          231|     f:
          232|     list: concatStringsSep sep (map f list);
             |     ^
          233|

       … while calling anonymous lambda

         at /nix/store/l3amk5lsakpc93him5kry24kax23sn4h-source/nixos/modules/system/etc/etc.nix:50:37:

           49|     mkdir -p "$out/etc"
           50|     ${lib.concatMapStringsSep "\n" (etcEntry: lib.escapeShellArgs [
             |                                     ^
           51|       "makeEtcEntry"

       … from call site

         at /nix/store/l3amk5lsakpc93him5kry24kax23sn4h-source/nixos/modules/system/etc/etc.nix:50:47:

           49|     mkdir -p "$out/etc"
           50|     ${lib.concatMapStringsSep "\n" (etcEntry: lib.escapeShellArgs [
             |                                               ^
           51|       "makeEtcEntry"

       … while calling 'concatMapStringsSep'

         at /nix/store/l3amk5lsakpc93him5kry24kax23sn4h-source/lib/strings.nix:232:5:

          231|     f:
          232|     list: concatStringsSep sep (map f list);
             |     ^
          233|

       … while calling 'escapeShellArg'

         at /nix/store/l3amk5lsakpc93him5kry24kax23sn4h-source/lib/strings.nix:1056:20:

         1055|   */
         1056|   escapeShellArg = arg:
             |                    ^
         1057|     let

       … while calling anonymous lambda

         at /nix/store/l3amk5lsakpc93him5kry24kax23sn4h-source/lib/attrsets.nix:1205:18:

         1204|         mapAttrs
         1205|           (name: value:
             |                  ^
         1206|             if isAttrs value && cond value

       … from call site

         at /nix/store/l3amk5lsakpc93him5kry24kax23sn4h-source/lib/attrsets.nix:1208:18:

         1207|             then recurse (path ++ [ name ]) value
         1208|             else f (path ++ [ name ]) value);
             |                  ^
         1209|     in

       … while calling anonymous lambda

         at /nix/store/l3amk5lsakpc93him5kry24kax23sn4h-source/lib/modules.nix:254:72:

          253|           # For definitions that have an associated option
          254|           declaredConfig = mapAttrsRecursiveCond (v: ! isOption v) (_: v: v.value) options;
             |                                                                        ^
          255|

       … while evaluating the option `environment.etc.dbus-1.source':

       … while calling anonymous lambda

         at /nix/store/l3amk5lsakpc93him5kry24kax23sn4h-source/lib/modules.nix:858:17:

          857|       if isDefined then
          858|         if all (def: type.check def.value) defsFinal then type.merge loc defsFinal
             |                 ^
          859|         else let allInvalid = filter (def: ! type.check def.value) defsFinal;

       … from call site

         at /nix/store/l3amk5lsakpc93him5kry24kax23sn4h-source/lib/modules.nix:858:22:

          857|       if isDefined then
          858|         if all (def: type.check def.value) defsFinal then type.merge loc defsFinal
             |                      ^
          859|         else let allInvalid = filter (def: ! type.check def.value) defsFinal;

       … while calling 'check'

         at /nix/store/l3amk5lsakpc93him5kry24kax23sn4h-source/lib/types.nix:534:15:

          533|       descriptionClass = "noun";
          534|       check = x: isStringLike x && builtins.substring 0 1 (toString x) == "/";
             |               ^
          535|       merge = mergeEqualOption;

       … while evaluating derivation 'dbus-1'
         whose name attribute is located at /nix/store/l3amk5lsakpc93him5kry24kax23sn4h-source/pkgs/stdenv/generic/make-derivation.nix:336:7

       … while evaluating attribute 'serviceDirectories' of derivation 'dbus-1'

         at /nix/store/l3amk5lsakpc93him5kry24kax23sn4h-source/pkgs/development/libraries/dbus/make-dbus-conf.nix:17:12:

           16|   {
           17|     inherit serviceDirectories suidHelper apparmor;
             |            ^
           18|     preferLocalBuild = true;

       … while calling anonymous lambda

         at /nix/store/l3amk5lsakpc93him5kry24kax23sn4h-source/lib/types.nix:552:14:

          551|       merge = loc: defs:
          552|         map (x: x.value) (filter (x: x ? value) (concatLists (imap1 (n: def:
             |              ^
          553|           imap1 (m: def':

       … while calling anonymous lambda

         at /nix/store/l3amk5lsakpc93him5kry24kax23sn4h-source/lib/modules.nix:858:17:

          857|       if isDefined then
          858|         if all (def: type.check def.value) defsFinal then type.merge loc defsFinal
             |                 ^
          859|         else let allInvalid = filter (def: ! type.check def.value) defsFinal;

       … from call site

         at /nix/store/l3amk5lsakpc93him5kry24kax23sn4h-source/lib/modules.nix:858:22:

          857|       if isDefined then
          858|         if all (def: type.check def.value) defsFinal then type.merge loc defsFinal
             |                      ^
          859|         else let allInvalid = filter (def: ! type.check def.value) defsFinal;

       … while calling 'check'

         at /nix/store/l3amk5lsakpc93him5kry24kax23sn4h-source/lib/types.nix:534:15:

          533|       descriptionClass = "noun";
          534|       check = x: isStringLike x && builtins.substring 0 1 (toString x) == "/";
             |               ^
          535|       merge = mergeEqualOption;

       … while evaluating derivation 'system-path'
         whose name attribute is located at /nix/store/l3amk5lsakpc93him5kry24kax23sn4h-source/pkgs/stdenv/generic/make-derivation.nix:336:7

       … while evaluating attribute 'passAsFile' of derivation 'system-path'

         at /nix/store/l3amk5lsakpc93him5kry24kax23sn4h-source/pkgs/build-support/trivial-builders/default.nix:60:9:

           59|         inherit buildCommand name;
           60|         passAsFile = [ "buildCommand" ]
             |         ^
           61|           ++ (derivationArgs.passAsFile or [ ]);

       … while evaluating derivation 'segger-jlink-796s'
         whose name attribute is located at /nix/store/l3amk5lsakpc93him5kry24kax23sn4h-source/pkgs/stdenv/generic/make-derivation.nix:336:7

       … while evaluating attribute 'buildInputs' of derivation 'segger-jlink-796s'

         at /nix/store/l3amk5lsakpc93him5kry24kax23sn4h-source/pkgs/stdenv/generic/make-derivation.nix:383:7:

          382|       depsHostHost                = elemAt (elemAt dependencies 1) 0;
          383|       buildInputs                 = elemAt (elemAt dependencies 1) 1;
             |       ^
          384|       depsTargetTarget            = elemAt (elemAt dependencies 2) 0;

       … from call site

         at /nix/store/l3amk5lsakpc93him5kry24kax23sn4h-source/pkgs/stdenv/generic/check-meta.nix:511:13:

          510|           else if valid == "no" then (
          511|             handleEvalIssue { inherit meta attrs; } { inherit (validity) reason errormsg; }
             |             ^
          512|           )

       … while calling 'handleEvalIssue'

         at /nix/store/l3amk5lsakpc93him5kry24kax23sn4h-source/pkgs/stdenv/generic/check-meta.nix:269:38:

          268|
          269|   handleEvalIssue = { meta, attrs }: { reason , errormsg ? "" }:
             |                                      ^
          270|     let

       error: Package ‘segger-jlink-qt4-796s’ in /nix/store/l3amk5lsakpc93him5kry24kax23sn4h-source/pkgs/by-name/se/segger-jlink/qt4-bundled.nix:44 is marked as insecure, refusing to evaluate.


       Known issues:
        - This bundled version of Qt 4 has reached its end of life after 2015. See https://github.com/NixOS/nixpkgs/pull/174634
        - CVE-2023-43114
        - CVE-2023-38197
        - CVE-2023-37369
        - CVE-2023-34410
        - CVE-2023-32763
        - CVE-2023-32762
        - CVE-2023-32573
        - CVE-2022-25634
        - CVE-2020-17507
        - CVE-2020-0570
        - CVE-2018-21035
        - CVE-2018-19873
        - CVE-2018-19871
        - CVE-2018-19870
        - CVE-2018-19869
        - CVE-2015-1290
        - CVE-2014-0190
        - CVE-2013-0254
        - CVE-2012-6093
        - CVE-2012-5624
        - CVE-2009-2700

       You can install it anyway by allowing this package, using the
       following methods:

       a) To temporarily allow all insecure packages, you can use an environment
          variable for a single invocation of the nix tools:

            $ export NIXPKGS_ALLOW_INSECURE=1

          Note: When using `nix shell`, `nix build`, `nix develop`, etc with a flake,
                then pass `--impure` in order to allow use of environment variables.

       b) for `nixos-rebuild` you can add ‘segger-jlink-qt4-796s’ to
          `nixpkgs.config.permittedInsecurePackages` in the configuration.nix,
          like so:

            {
              nixpkgs.config.permittedInsecurePackages = [
                "segger-jlink-qt4-796s"
              ];
            }

       c) For `nix-env`, `nix-build`, `nix-shell` or any other Nix command you can add
          ‘segger-jlink-qt4-796s’ to `permittedInsecurePackages` in
          ~/.config/nixpkgs/config.nix, like so:

            {
              permittedInsecurePackages = [
                "segger-jlink-qt4-796s"
              ];
            }
